1647733408872	geckodriver	INFO	Listening on 127.0.0.1:56215
1647733411910	mozrunner::runner	INFO	Running command: "C:\\Program Files\\Mozilla Firefox\\firefox.exe" "--marionette" "-headless" "--remote-debugging-port" "56216" "-no-remote" "-profile" "C:\\Users\\Gabe\\AppData\\Local\\Temp\\rust_mozprofileQgzxgm"
*** You are running in headless mode.
1647733412383	Marionette	INFO	Marionette enabled
[GFX1-]: RenderCompositorSWGL failed mapping default framebuffer, no dt
console.warn: SearchSettings: "get: No settings file exists, new profile?" (new NotFoundError("Could not open the file at C:\\Users\\Gabe\\AppData\\Local\\Temp\\rust_mozprofileQgzxgm\\search.json.mozlz4", (void 0)))
DevTools listening on ws://localhost:56216/devtools/browser/e61d7c55-015c-4907-9bb2-9164094fcca3
1647733413522	Marionette	INFO	Listening on port 56225
1647733413970	RemoteAgent	WARN	TLS certificate errors will be ignored for this session
JavaScript warning: https://www.google.com/maps/_/js/k=maps.m.en.oH9HdGph2mI.2019.O/m=sc2,per,mo,lp,ep,ti,ds,stx,dw,pwd,dw,ppl,log,std,b/am=OxSB/rt=j/d=1/rs=ACT90oFg3slWWLWJZsmp380z18BkI3MH0A, line 4369: WEBGL_debug_renderer_info is deprecated in Firefox and will be removed. Please use RENDERER.
JavaScript warning: , line 0: WebGL warning: texSubImage: Texture has not been initialized prior to a partial upload, forcing the browser to clear it. This may be slow.
JavaScript warning: , line 0: WebGL warning: texSubImage: Tex image TEXTURE_2D level 0 is incurring lazy initialization.
JavaScript warning: , line 0: WebGL warning: texSubImage: Texture has not been initialized prior to a partial upload, forcing the browser to clear it. This may be slow.
JavaScript warning: , line 0: WebGL warning: texSubImage: Tex image TEXTURE_2D level 0 is incurring lazy initialization.
JavaScript warning: , line 0: WebGL warning: texSubImage: Texture has not been initialized prior to a partial upload, forcing the browser to clear it. This may be slow.
JavaScript warning: , line 0: WebGL warning: texSubImage: Tex image TEXTURE_2D level 0 is incurring lazy initialization.
JavaScript warning: , line 0: WebGL warning: texSubImage: Texture has not been initialized prior to a partial upload, forcing the browser to clear it. This may be slow.
JavaScript warning: , line 0: WebGL warning: texSubImage: Tex image TEXTURE_2D level 0 is incurring lazy initialization.
JavaScript warning: , line 0: WebGL warning: texSubImage: Texture has not been initialized prior to a partial upload, forcing the browser to clear it. This may be slow.
JavaScript warning: , line 0: WebGL warning: texSubImage: Tex image TEXTURE_2D level 0 is incurring lazy initialization.
JavaScript warning: , line 0: WebGL warning: texSubImage: Texture has not been initialized prior to a partial upload, forcing the browser to clear it. This may be slow.
JavaScript warning: , line 0: WebGL warning: texSubImage: Tex image TEXTURE_2D level 0 is incurring lazy initialization.
1647733422422	Marionette	INFO	Stopped listening on port 56225

###!!! [Parent][PImageBridgeParent] Error: RunMessage(msgname=PImageBridge::Msg_WillClose) Channel closing: too late to send/recv, messages will be lost

